<?xml version="1.0" encoding="UTF-8"?>
<!-- Generated by org.testng.reporters.JUnitReportReporter -->
<testsuite skipped="0" hostname="DESKTOP-RUMMKLR" name="tests.PutPatchDelete" tests="3" failures="0" timestamp="2023-10-17T10:14:10 NZDT" time="6.102" errors="0">
  <testcase name="testPut" time="0.799" classname="tests.PutPatchDelete"/>
  <system-out/>
  <testcase name="testPatch" time="0.933" classname="tests.PutPatchDelete"/>
  <system-out/>
  <testcase name="testDelete" time="4.370" classname="tests.PutPatchDelete"/>
  <system-out/>
</testsuite> <!-- tests.PutPatchDelete -->
