<?xml version="1.0" encoding="UTF-8"?>
<!-- Generated by org.testng.reporters.JUnitReportReporter -->
<testsuite skipped="0" hostname="DESKTOP-RUMMKLR" name="tests.TestsExample2" tests="2" failures="0" timestamp="2023-05-04T14:54:05 NZST" time="5.267" errors="0">
  <testcase name="test_1" time="3.668" classname="tests.TestsExample2"/>
  <system-out/>
  <testcase name="test_2" time="1.599" classname="tests.TestsExample2"/>
  <system-out/>
</testsuite> <!-- tests.TestsExample2 -->
