<?xml version="1.0" encoding="UTF-8"?>
<!-- Generated by org.testng.reporters.JUnitReportReporter -->
<testsuite skipped="0" hostname="DESKTOP-RUMMKLR" name="tests.TestsExamples" tests="1" failures="0" timestamp="2023-10-12T15:02:51 NZDT" time="5.157" errors="0">
  <testcase name="test_1" time="5.157" classname="tests.TestsExamples"/>
  <system-out/>
</testsuite> <!-- tests.TestsExamples -->
