<?xml version="1.0" encoding="UTF-8"?>
<!-- Generated by org.testng.reporters.JUnitReportReporter -->
<testsuite skipped="0" hostname="DESKTOP-RUMMKLR" name="tests.GetAndPostExamples" tests="1" failures="0" timestamp="2023-10-12T15:52:03 NZDT" time="4.011" errors="0">
  <testcase name="testPost" time="4.011" classname="tests.GetAndPostExamples"/>
  <system-out/>
</testsuite> <!-- tests.GetAndPostExamples -->
